2023-09-25 18:04:47,419 - INFO - ###########################################################################
2023-09-25 18:04:47,419 - INFO - #                    SCRIPT HAS STARTED EXECUTING                         #
2023-09-25 18:04:47,419 - INFO - ###########################################################################



2023-09-25 18:04:47,419 - ERROR - An Error Occurred after main: [Errno 2] No such file or directory: 'config.xml'
2023-09-25 18:04:47,419 - INFO - Number of Completed Downloads:	0


2023-09-25 18:04:47,419 - INFO - Number of Skipped Downloads:	0


2023-09-25 18:04:47,419 - INFO - Number of Completed Partial Downloads:	0


----------------------------------------------------------------------------------------------------


2023-09-25 18:04:47,419 - INFO - Number of Skipped Deletions:	0


2023-09-25 18:04:47,419 - INFO - Number of Completed Deletions:	0


----------------------------------------------------------------------------------------------------


2023-09-25 18:05:06,769 - INFO - ###########################################################################
2023-09-25 18:05:06,769 - INFO - #                    SCRIPT HAS STARTED EXECUTING                         #
2023-09-25 18:05:06,769 - INFO - ###########################################################################



2023-09-25 18:05:06,769 - ERROR - An Error Occurred after main: [Errno 2] No such file or directory: 'config.xml'
2023-09-25 18:05:06,784 - INFO - Number of Completed Downloads:	0


2023-09-25 18:05:06,784 - INFO - Number of Skipped Downloads:	0


2023-09-25 18:05:06,784 - INFO - Number of Completed Partial Downloads:	0


----------------------------------------------------------------------------------------------------


2023-09-25 18:05:06,784 - INFO - Number of Skipped Deletions:	0


2023-09-25 18:05:06,784 - INFO - Number of Completed Deletions:	0


----------------------------------------------------------------------------------------------------


